El_fantasma_de_la_opera-Gaston_Leroux    2
parte_0    localhost:50051
parte_1    localhost:50052
Oliver_Twist-Charles_Dickens    5
parte_0    localhost:50051
parte_1    localhost:50051
parte_2    localhost:50052
parte_3    localhost:50052
parte_4    localhost:50053
Solomon_Kane-Robert_E    4
parte_0    localhost:50051
parte_1    localhost:50052
parte_2    localhost:50053
parte_3    localhost:50053
Frankenstein-Mary_Shelley    5
parte_0    localhost:50051
parte_1    localhost:50051
parte_2    localhost:50052
parte_3    localhost:50053
parte_4    localhost:50053
el_principito    2
parte_0    localhost:50051
parte_1    localhost:50052
El_corazon_de_las_tinieblas-Joseph_Conrad    4
parte_0    localhost:50051
parte_1    localhost:50052
parte_2    localhost:50052
parte_3    localhost:50053
La_vuelta_al_mundo_en_80_dias-Verne_Julio    5
parte_0    localhost:50051
parte_1    localhost:50052
parte_2    localhost:50053
parte_3    localhost:50053
parte_4    localhost:50053
La_letra_escarlata-Nathaniel_Hawthorne    6
parte_0    localhost:50051
parte_1    localhost:50051
parte_2    localhost:50051
parte_3    localhost:50052
parte_4    localhost:50053
parte_5    localhost:50053
NEWbigfile    5
parte_0    localhost:50051
parte_1    localhost:50051
parte_2    localhost:50052
parte_3    localhost:50053
parte_4    localhost:50053
El_ultimo_mohicano-James_Fenimore_Cooper    8
parte_0    localhost:50051
parte_1    localhost:50051
parte_2    localhost:50052
parte_3    localhost:50052
parte_4    localhost:50052
parte_5    localhost:50052
parte_6    localhost:50053
parte_7    localhost:50053
Orgullo_y_prejuicio-Jane_Austen    5
parte_0    localhost:50051
parte_1    localhost:50051
parte_2    localhost:50051
parte_3    localhost:50052
parte_4    localhost:50053
El_libro_de_la_selva-Rudyard_Kipling    5
parte_0    localhost:50051
parte_1    localhost:50051
parte_2    localhost:50051
parte_3    localhost:50052
parte_4    localhost:50053
Don_Quijote_de_la_Mancha-Cervantes_Miguel    9
parte_0    localhost:50051
parte_1    localhost:50051
parte_2    localhost:50051
parte_3    localhost:50052
parte_4    localhost:50052
parte_5    localhost:50053
parte_6    localhost:50053
parte_7    localhost:50053
parte_8    localhost:50053
Los_tres_mosqueteros-Alejandro_Dumas_Padre    13
parte_0    localhost:50051
parte_1    localhost:50051
parte_2    localhost:50051
parte_3    localhost:50051
parte_4    localhost:50052
parte_5    localhost:50052
parte_6    localhost:50052
parte_7    localhost:50052
parte_8    localhost:50053
parte_9    localhost:50053
parte_10    localhost:50053
parte_11    localhost:50053
parte_12    localhost:50053
La_isla_del_tesoro-Robert_Louis_Stevenson    12
parte_0    localhost:50051
parte_1    localhost:50051
parte_2    localhost:50051
parte_3    localhost:50052
parte_4    localhost:50052
parte_5    localhost:50052
parte_6    localhost:50052
parte_7    localhost:50053
parte_8    localhost:50053
parte_9    localhost:50053
parte_10    localhost:50053
parte_11    localhost:50053
